<?xml version="1.0" encoding="UTF-8"?>
<datasources xmlns="http://www.jboss.org/ironjacamar/schema"
	xmlns:xsi="http://www.w3.org/2001/XMLSchema-instance"
	xsi:schemaLocation="http://www.jboss.org/ironjacamar/schema
	http://docs.jboss.org/ironjacamar/schema/datasources_1_0.xsd">
	
	<datasource jndi-name="java:jboss/datasources/testDS"
		pool-name="test" enabled="true" use-java-context="true">
		<connection-url>jdbc:mysql://localhost:3306/test</connection-url>
		<driver>mysql</driver>
		<security>
			<user-name>root</user-name>
			<password>123456</password>
		</security>
	</datasource>
	
</datasources>